cl : командная строка  warning D9035: использование параметра "Gm" нежелательно, он будет удален в следующих выпусках
cl : командная строка  warning D9035: использование параметра "Zc:forScope-" нежелательно, он будет удален в следующих выпусках
  stdafx.cpp
cl : командная строка  warning D9035: использование параметра "Gm" нежелательно, он будет удален в следующих выпусках
cl : командная строка  warning D9035: использование параметра "Zc:forScope-" нежелательно, он будет удален в следующих выпусках
  xrD3D9-Null_OutProc.cpp
  xrD3D9-Null.cpp
  IDirect3DVertexShader9.cpp
  IDirect3DVertexDeclaration9.cpp
  IDirect3DVertexBuffer9.cpp
  IDirect3DTexture9.cpp
  IDirect3DSurface9.cpp
  IDirect3DStateBlock9.cpp
  IDirect3DQuery9.cpp
  IDirect3DPixelShader9.cpp
  IDirect3DIndexBuffer9.cpp
  IDirect3DDevice9_Caps.cpp
  IDirect3DDevice9.cpp
  IDirect3DCubeTexture9.cpp
  IDirect3D9.cpp
  Создание кода...
IDirect3D9.obj : warning LNK4075: не учитывается "/EDITANDCONTINUE" из-за спецификации "/SAFESEH"
     Создается библиотека D:\Programming\X-RayEngine\\libs\xrD3D9-Null.lib и объект D:\Programming\X-RayEngine\\libs\xrD3D9-Null.exp
  xrD3D9-Null.vcxproj -> D:\Programming\X-RayEngine\Bins\Debug\Win32\xrD3D9-Null.dll
